# Preference setting overrides
gui_create_pref_key -category {Globals} -key {load_detail_for_funcov} -value_type {bool} -value {false}

# State setting overrides
gui_state_default_create -off -ini
gui_set_state_value -category Globals -key recent_cov_databases -value /home/IC/reg_gen/sim/simv.vdb
gui_set_state_value -category Globals -key recent_databases -value {{gui_open_db -file /home/IC/scb_out_of_order/sim/vcdplus.vpd -design V1} {gui_open_db -file /home/IC/reg_mask/sim/vcdplus.vpd -design V1} {gui_open_db -file /home/IC/ch24/24.22/sim/vcdplus.vpd -design V1} {gui_open_db -file /home/IC/reg_gen/sim/vcdplus.vpd -design V1} {gui_open_db -file /home/IC/ch24/24.20/sim/vcdplus.vpd -design V1}}
gui_set_state_value -category Globals -key recent_sessions -value {{gui_load_session -ignore_errors -file /home/Top/Desktop/advanced_adder/DVEfiles/dve_checkpoint_6250_1.tcl}}
gui_set_state_value -category Layout -key child_console_size_x -value 1903
gui_set_state_value -category Layout -key child_console_size_y -value 170
gui_set_state_value -category Layout -key child_covdetail_docknewline -value false
gui_set_state_value -category Layout -key child_covdetail_pos_x -value {-2}
gui_set_state_value -category Layout -key child_covdetail_pos_y -value {-15}
gui_set_state_value -category Layout -key child_covdetail_size_x -value 1365
gui_set_state_value -category Layout -key child_covdetail_size_y -value 585
gui_set_state_value -category Layout -key child_coveragetable_docknewline -value false
gui_set_state_value -category Layout -key child_coveragetable_pos_x -value {-2}
gui_set_state_value -category Layout -key child_coveragetable_pos_y -value {-15}
gui_set_state_value -category Layout -key child_coveragetable_size_x -value 1365
gui_set_state_value -category Layout -key child_coveragetable_size_y -value 585
gui_set_state_value -category Layout -key child_data_size_x -value 111
gui_set_state_value -category Layout -key child_data_size_y -value 600
gui_set_state_value -category Layout -key child_hier_col3 -value {-1}
gui_set_state_value -category Layout -key child_hier_colhier -value 201
gui_set_state_value -category Layout -key child_hier_colpd -value 0
gui_set_state_value -category Layout -key child_hier_coltype -value 102
gui_set_state_value -category Layout -key child_hier_size_x -value 262
gui_set_state_value -category Layout -key child_hier_size_y -value 600
gui_set_state_value -category Layout -key child_source_docknewline -value false
gui_set_state_value -category Layout -key child_source_pos_x -value {-2}
gui_set_state_value -category Layout -key child_source_pos_y -value {-15}
gui_set_state_value -category Layout -key child_source_size_x -value 1533
gui_set_state_value -category Layout -key child_source_size_y -value 595
gui_set_state_value -category Layout -key child_wave_colname -value 266
gui_set_state_value -category Layout -key child_wave_colvalue -value 266
gui_set_state_value -category Layout -key child_wave_left -value 536
gui_set_state_value -category Layout -key child_wave_right -value 1307
gui_set_state_value -category Layout -key cov_main_pos_x -value 8
gui_set_state_value -category Layout -key cov_main_pos_y -value 33
gui_set_state_value -category Layout -key cov_main_size_x -value 1915
gui_set_state_value -category Layout -key cov_main_size_y -value 882
gui_set_state_value -category Layout -key main_pos_x -value 12
gui_set_state_value -category Layout -key main_pos_y -value 37
gui_set_state_value -category Layout -key main_size_x -value 1915
gui_set_state_value -category Layout -key main_size_y -value 882
gui_set_state_value -category Layout -key stand_wave_child_docknewline -value false
gui_set_state_value -category Layout -key stand_wave_child_pos_x -value {-2}
gui_set_state_value -category Layout -key stand_wave_child_pos_y -value {-15}
gui_set_state_value -category Layout -key stand_wave_child_size_x -value 1853
gui_set_state_value -category Layout -key stand_wave_child_size_y -value 742
gui_set_state_value -category Layout -key stand_wave_top_pos_x -value 18
gui_set_state_value -category Layout -key stand_wave_top_pos_y -value 60
gui_set_state_value -category Layout -key stand_wave_top_size_x -value 1866
gui_set_state_value -category Layout -key stand_wave_top_size_y -value 882
gui_create_state_key -category FindDialog -key m_pMatchCase -value_type bool -value false
gui_create_state_key -category FindDialog -key m_pMatchWord -value_type bool -value false
gui_create_state_key -category FindDialog -key m_pUseCombo -value_type string -value {}
gui_create_state_key -category FindDialog -key m_pWrapAround -value_type bool -value true
gui_create_state_key -category Layout_CoverageTable_covtblFGroupsList -key names -value_type string -value {Group,    , ,  ,   ,Score,Covergroup,}
gui_create_state_key -category Layout_CoverageTable_covtblFGroupsList -key orders -value_type string -value 4,0,1,2,3,5,6,
gui_create_state_key -category Layout_CoverageTable_covtblFGroupsList -key widths -value_type string -value 220,0,25,0,0,125,125,
gui_create_state_key -category Layout_CoverageTable_covtblInstancesList -key names -value_type string -value {Name,    , ,  ,   ,Score,}
gui_create_state_key -category Layout_CoverageTable_covtblInstancesList -key orders -value_type string -value 4,0,1,2,3,5,
gui_create_state_key -category Layout_CoverageTable_covtblInstancesList -key widths -value_type string -value 220,0,25,0,0,125,
gui_create_state_key -category Layout_CoverageTable_covtblModulesList -key names -value_type string -value {Name,    , ,  ,   ,Score,}
gui_create_state_key -category Layout_CoverageTable_covtblModulesList -key orders -value_type string -value 4,0,1,2,3,5,
gui_create_state_key -category Layout_CoverageTable_covtblModulesList -key widths -value_type string -value 220,0,25,0,0,125,
gui_create_state_key -category Layout_CovDetail_lnListView -key names -value_type string -value Category,Coverage,
gui_create_state_key -category Layout_CovDetail_lnListView -key orders -value_type string -value 0,1,
gui_create_state_key -category Layout_CovDetail_lnListView -key widths -value_type string -value 90,125,
gui_create_state_key -category Layout_CovDetail_tglListView -key names -value_type string -value {Variable, ,  ,   ,Type,Coverage,Display,}
gui_create_state_key -category Layout_CovDetail_tglListView -key orders -value_type string -value 3,0,1,2,4,5,6,
gui_create_state_key -category Layout_CovDetail_tglListView -key widths -value_type string -value 140,25,0,0,50,125,140,
gui_create_state_key -category Layout_CovDetail_tglDetailListView -key names -value_type string -value {Variable, ,  ,   ,0->1,1->0,}
gui_create_state_key -category Layout_CovDetail_tglDetailListView -key orders -value_type string -value 3,0,1,2,4,5,
gui_create_state_key -category Layout_CovDetail_tglDetailListView -key widths -value_type string -value 140,25,0,0,50,50,
gui_create_state_key -category Layout_CovDetail_fsmListView -key names -value_type string -value {FSM, ,  ,   ,State,Transition,Sequence,}
gui_create_state_key -category Layout_CovDetail_fsmListView -key orders -value_type string -value 3,0,1,2,5,4,6,
gui_create_state_key -category Layout_CovDetail_fsmListView -key widths -value_type string -value 66,25,0,0,125,125,125,
gui_create_state_key -category Layout_CovDetail_fsmlist -key names -value_type string -value {Coverage, ,  ,   ,Transition,}
gui_create_state_key -category Layout_CovDetail_fsmlist -key orders -value_type string -value 3,0,1,2,4,
gui_create_state_key -category Layout_CovDetail_fsmlist -key widths -value_type string -value 125,25,0,0,70,
gui_create_state_key -category Layout_CovDetail_cndListView -key names -value_type string -value {Expression, ,  ,   ,ID,Coverage,Line No.,}
gui_create_state_key -category Layout_CovDetail_cndListView -key orders -value_type string -value 3,0,1,2,4,5,6,
gui_create_state_key -category Layout_CovDetail_cndListView -key widths -value_type string -value 320,25,0,0,0,125,63,
gui_create_state_key -category Layout_CovDetail_brListView -key names -value_type string -value {Name, ,  ,   ,Coverage,Line No.,}
gui_create_state_key -category Layout_CovDetail_brListView -key orders -value_type string -value 3,0,1,2,4,5,
gui_create_state_key -category Layout_CovDetail_brListView -key widths -value_type string -value 100,25,0,0,125,63,
gui_create_state_key -category Layout_CovDetail_designAssertListView -key names -value_type string -value {Assert Name,    , ,  ,   ,Attempts,Real Successes,Failures,Incompletes,Category,Severity,}
gui_create_state_key -category Layout_CovDetail_designAssertListView -key orders -value_type string -value 4,0,1,2,3,5,6,7,8,9,10,
gui_create_state_key -category Layout_CovDetail_designAssertListView -key widths -value_type string -value 110,0,25,0,0,63,106,61,82,67,62,
gui_create_state_key -category Layout_CovDetail_codeMiddleSplitter -key value1 -value_type integer -value 10
gui_create_state_key -category Layout_CovDetail_codeMiddleSplitter -key value2 -value_type integer -value 294
gui_create_state_key -category Layout_CovDetail_cndSplitter -key value1 -value_type integer -value 100
gui_create_state_key -category Layout_CovDetail_cndSplitter -key value2 -value_type integer -value 192
gui_create_state_key -category Layout_CovDetail_covGrpInsListView -key names -value_type string -value {Cover Group Item,    , ,  ,   ,Definition,Score,Goal,Weight,At Least,Per Instance,Overlap,Auto Bin Max,Print Missing,Comment,}
gui_create_state_key -category Layout_CovDetail_covGrpInsListView -key orders -value_type string -value 4,0,1,2,3,5,6,7,8,9,10,11,12,13,14,
gui_create_state_key -category Layout_CovDetail_covGrpInsListView -key widths -value_type string -value 137,0,25,0,0,68,125,30,42,50,74,0,80,76,55,
gui_create_state_key -category Layout_CovDetail_covGrpDefListView -key names -value_type string -value {Cover Group Item,    , ,  ,   ,Score,Goal,Weight,At Least,Per Instance,Overlap,Auto Bin Max,Print Missing,Comment,}
gui_create_state_key -category Layout_CovDetail_covGrpDefListView -key orders -value_type string -value 4,0,1,2,3,5,6,7,8,9,10,11,12,13,
gui_create_state_key -category Layout_CovDetail_covGrpDefListView -key widths -value_type string -value 310,0,25,0,0,125,66,78,86,110,0,116,112,91,
gui_create_state_key -category Layout_CovDetail_m_CovGrpTable -key names -value_type string -value {Bin Name,    , ,  ,   ,Status,Cross,At Least,Size,Hit Count,}
gui_create_state_key -category Layout_CovDetail_m_CovGrpTable -key orders -value_type string -value 5,0,1,2,3,4,6,7,8,9,
gui_create_state_key -category Layout_CovDetail_m_CovGrpTable -key widths -value_type string -value 93,0,25,0,0,150,0,62,40,68,
gui_create_state_key -category {Layout_CovDetail_assertion list} -key names -value_type string -value {Instance,    , ,  ,   ,Assert Name,Attempts,Real Successes,Failures,Incompletes,Category,Severity,}
gui_create_state_key -category {Layout_CovDetail_assertion list} -key orders -value_type string -value 4,0,1,2,3,5,6,7,8,9,10,11,
gui_create_state_key -category {Layout_CovDetail_assertion list} -key widths -value_type string -value 86,0,25,0,0,111,87,130,110,106,91,86,
gui_create_state_key -category Layout_CovDetail_funMiddleSplitter -key value1 -value_type integer -value 668
gui_create_state_key -category Layout_CovDetail_funMiddleSplitter -key value2 -value_type integer -value 667
gui_create_state_key -category Layout_CovDetail_splitterWithPrefVal -key value1 -value_type integer -value 100
gui_create_state_key -category Layout_CovDetail_splitterWithPrefVal -key value2 -value_type integer -value 1
gui_state_default_create -off

# Begin command logging
gui_open_db -file /home/IC/scb_out_of_order/sim/vcdplus.vpd -design V1
gui_list_expand -id  Hier.1   top
gui_list_select -id Hier.1 -current_item_name top.intf -current_item_type Scope  -selected  { top.intf   }
gui_open_window Wave
gui_list_add -id Wave.1 -from Hier.1 { top.intf } -insertionbar
gui_zoom -window Wave.1 -full
gui_list_select -id Wave.1 -selected  { top.intf.vld_i   }
gui_list_select -id Wave.1 -selected  { top.intf.vld_o   }
gui_list_select -id Wave.1 -selected  { top.intf.vld_i   }
gui_list_select -id Wave.1 -selected  { top.intf.vld_o   }
gui_list_select -id Wave.1 -selected  { top.intf.vld_i   }
gui_list_select -id Wave.1 -selected  { top.intf.rst_n   }
gui_marker_move -id  Wave.1 C1 95
gui_set_time 70 -id TopLevel.2
gui_save_session -reload -default_file
gui_link_wave_window -link -id Wave.1
gui_zoom -window Wave.1 -full
gui_zoom -window Wave.1 -full
gui_list_select -id Wave.1 -selected  { top.intf.vld_i   }
gui_marker_move -id  Wave.1 C1 369
gui_marker_move -id  Wave.1 C1 391
gui_marker_move -id  Wave.1 C1 410
gui_marker_move -id  Wave.1 C1 430
gui_marker_move -id  Wave.1 C1 330
gui_marker_move -id  Wave.1 C1 375
gui_marker_move -id  Wave.1 C1 371
gui_marker_move -id  Wave.1 C1 390
gui_marker_move -id  Wave.1 C1 413
gui_marker_move -id  Wave.1 C1 430
gui_marker_move -id  Wave.1 C1 330
gui_marker_move -id  Wave.1 C1 371
gui_marker_move -id  Wave.1 C1 390
gui_marker_move -id  Wave.1 C1 410
gui_marker_move -id  Wave.1 C1 430
gui_marker_move -id  Wave.1 C1 90
gui_marker_move -id  Wave.1 C1 110
gui_marker_move -id  Wave.1 C1 128
gui_marker_move -id  Wave.1 C1 149
gui_marker_move -id  Wave.1 C1 169
gui_marker_move -id  Wave.1 C1 190
gui_marker_move -id  Wave.1 C1 210
gui_marker_move -id  Wave.1 C1 230
gui_marker_move -id  Wave.1 C1 250
gui_marker_move -id  Wave.1 C1 269
gui_marker_move -id  Wave.1 C1 290
gui_marker_move -id  Wave.1 C1 89
gui_list_select -id Wave.1 -selected  { top.intf.vld_o   }
gui_marker_move -id  Wave.1 C1 92
gui_marker_move -id  Wave.1 C1 89
gui_marker_move -id  Wave.1 C1 290
gui_marker_move -id  Wave.1 C1 270
gui_marker_move -id  Wave.1 C1 90
gui_marker_move -id  Wave.1 C1 109
gui_marker_move -id  Wave.1 C1 130
gui_marker_move -id  Wave.1 C1 151
gui_marker_move -id  Wave.1 C1 172
gui_marker_move -id  Wave.1 C1 192
gui_marker_move -id  Wave.1 C1 210
gui_marker_move -id  Wave.1 C1 230
gui_marker_move -id  Wave.1 C1 252
gui_marker_move -id  Wave.1 C1 269
gui_marker_move -id  Wave.1 C1 290
gui_marker_move -id  Wave.1 C1 310
gui_marker_move -id  Wave.1 C1 330
gui_marker_move -id  Wave.1 C1 350
gui_marker_move -id  Wave.1 C1 371
gui_marker_move -id  Wave.1 C1 392
gui_marker_move -id  Wave.1 C1 410
gui_marker_move -id  Wave.1 C1 430
gui_zoom -window Wave.1 -factor 0.5
gui_marker_move -id  Wave.1 C1 453
gui_list_select -id Wave.1 -selected  { top.intf.vld_i   }
gui_marker_move -id  Wave.1 C1 93
gui_marker_move -id  Wave.1 C1 70
gui_marker_move -id  Wave.1 C1 91
gui_marker_move -id  Wave.1 C1 109
gui_marker_move -id  Wave.1 C1 290
gui_marker_move -id  Wave.1 C1 310
gui_marker_move -id  Wave.1 C1 330
gui_marker_move -id  Wave.1 C1 350
gui_marker_move -id  Wave.1 C1 373
gui_marker_move -id  Wave.1 C1 395
gui_marker_move -id  Wave.1 C1 415
gui_marker_move -id  Wave.1 C1 430
gui_marker_move -id  Wave.1 C1 452
gui_save_session -reload -default_file
gui_save_session -reload -default_file
gui_marker_move -id  Wave.1 C1 290
gui_marker_move -id  Wave.1 C1 90
gui_marker_move -id  Wave.1 C1 290
gui_marker_move -id  Wave.1 C1 309
gui_marker_move -id  Wave.1 C1 329
gui_marker_move -id  Wave.1 C1 290
gui_save_session -reload -default_file
gui_marker_move -id  Wave.1 C1 370
gui_marker_move -id  Wave.1 C1 392
gui_marker_move -id  Wave.1 C1 415
gui_marker_move -id  Wave.1 C1 430
gui_list_select -id Wave.1 -selected  { top.intf.vld_o   }
gui_wv_zoom_timerange -id  Wave.1 0 338
gui_wv_zoom_timerange -id  Wave.1 0 900
gui_wv_zoom_timerange -id  Wave.1 0 338
gui_wv_zoom_timerange -id  Wave.1 0 900
gui_close_window -window TopLevel.1
