Command: vcs -timescale=1ns/1ns -sverilog /opt/Synopsys/uvm-1.2/src/dpi/uvm_dpi.cc \
-CFLAGS -DVCS -debug_all -f filelist/dut.f -f filelist/tb.f -l com.log
                         Chronologic VCS (TM)
            Version I-2014.03 -- Fri Aug 25 08:54:07 2023
               Copyright (c) 1991-2014 by Synopsys Inc.
                         ALL RIGHTS RESERVED

This program is proprietary and confidential information of Synopsys Inc.
and may be used and disclosed only as authorized in a license agreement
controlling such use and disclosure.

Parsing design file '/home/IC/patents_mkdir/mem_backdoor_test/sim/../src/tinyalu_dut/single_cycle.v'
Parsing design file '/home/IC/patents_mkdir/mem_backdoor_test/sim/../src/tinyalu_dut/three_cycle.v'
Parsing design file '/home/IC/patents_mkdir/mem_backdoor_test/sim/../src/tinyalu_dut/memory.v'
Parsing design file '/home/IC/patents_mkdir/mem_backdoor_test/sim/../src/tinyalu_dut/tinyalu.v'
Parsing design file '/opt/Synopsys/uvm-1.2/src/uvm_pkg.sv'
Parsing included file '/opt/Synopsys/uvm-1.2/src/uvm_macros.svh'.
Parsing included file '/opt/Synopsys/uvm-1.2/src/macros/uvm_version_defines.svh'.
Back to file '/opt/Synopsys/uvm-1.2/src/uvm_macros.svh'.
Parsing included file '/opt/Synopsys/uvm-1.2/src/macros/uvm_global_defines.svh'.
Back to file '/opt/Synopsys/uvm-1.2/src/uvm_macros.svh'.
Parsing included file '/opt/Synopsys/uvm-1.2/src/macros/uvm_message_defines.svh'.
Back to file '/opt/Synopsys/uvm-1.2/src/uvm_macros.svh'.
Parsing included file '/opt/Synopsys/uvm-1.2/src/macros/uvm_phase_defines.svh'.
Back to file '/opt/Synopsys/uvm-1.2/src/uvm_macros.svh'.
Parsing included file '/opt/Synopsys/uvm-1.2/src/macros/uvm_object_defines.svh'.
Back to file '/opt/Synopsys/uvm-1.2/src/uvm_macros.svh'.
Parsing included file '/opt/Synopsys/uvm-1.2/src/macros/uvm_printer_defines.svh'.
Back to file '/opt/Synopsys/uvm-1.2/src/uvm_macros.svh'.
Parsing included file '/opt/Synopsys/uvm-1.2/src/macros/uvm_tlm_defines.svh'.
Parsing included file '/opt/Synopsys/uvm-1.2/src/tlm1/uvm_tlm_imps.svh'.
Back to file '/opt/Synopsys/uvm-1.2/src/macros/uvm_tlm_defines.svh'.
Back to file '/opt/Synopsys/uvm-1.2/src/uvm_macros.svh'.
Parsing included file '/opt/Synopsys/uvm-1.2/src/macros/uvm_sequence_defines.svh'.
Back to file '/opt/Synopsys/uvm-1.2/src/uvm_macros.svh'.
Parsing included file '/opt/Synopsys/uvm-1.2/src/macros/uvm_callback_defines.svh'.
Back to file '/opt/Synopsys/uvm-1.2/src/uvm_macros.svh'.
Parsing included file '/opt/Synopsys/uvm-1.2/src/macros/uvm_reg_defines.svh'.
Back to file '/opt/Synopsys/uvm-1.2/src/uvm_macros.svh'.
Parsing included file '/opt/Synopsys/uvm-1.2/src/macros/uvm_deprecated_defines.svh'.
Back to file '/opt/Synopsys/uvm-1.2/src/uvm_macros.svh'.
Back to file '/opt/Synopsys/uvm-1.2/src/uvm_pkg.sv'.
Parsing included file '/opt/Synopsys/uvm-1.2/src/dpi/uvm_dpi.svh'.
Parsing included file '/opt/Synopsys/uvm-1.2/src/dpi/uvm_hdl.svh'.
Back to file '/opt/Synopsys/uvm-1.2/src/dpi/uvm_dpi.svh'.
Parsing included file '/opt/Synopsys/uvm-1.2/src/dpi/uvm_svcmd_dpi.svh'.
Back to file '/opt/Synopsys/uvm-1.2/src/dpi/uvm_dpi.svh'.
Parsing included file '/opt/Synopsys/uvm-1.2/src/dpi/uvm_regex.svh'.
Back to file '/opt/Synopsys/uvm-1.2/src/dpi/uvm_dpi.svh'.
Back to file '/opt/Synopsys/uvm-1.2/src/uvm_pkg.sv'.
Parsing included file '/opt/Synopsys/uvm-1.2/src/base/uvm_base.svh'.
Parsing included file '/opt/Synopsys/uvm-1.2/src/base/uvm_coreservice.svh'.
Back to file '/opt/Synopsys/uvm-1.2/src/base/uvm_base.svh'.
Parsing included file '/opt/Synopsys/uvm-1.2/src/base/uvm_version.svh'.
Back to file '/opt/Synopsys/uvm-1.2/src/base/uvm_base.svh'.
Parsing included file '/opt/Synopsys/uvm-1.2/src/base/uvm_object_globals.svh'.
Back to file '/opt/Synopsys/uvm-1.2/src/base/uvm_base.svh'.
Parsing included file '/opt/Synopsys/uvm-1.2/src/base/uvm_misc.svh'.
Back to file '/opt/Synopsys/uvm-1.2/src/base/uvm_base.svh'.
Parsing included file '/opt/Synopsys/uvm-1.2/src/base/uvm_object.svh'.
Back to file '/opt/Synopsys/uvm-1.2/src/base/uvm_base.svh'.
Parsing included file '/opt/Synopsys/uvm-1.2/src/base/uvm_pool.svh'.
Back to file '/opt/Synopsys/uvm-1.2/src/base/uvm_base.svh'.
Parsing included file '/opt/Synopsys/uvm-1.2/src/base/uvm_queue.svh'.
Back to file '/opt/Synopsys/uvm-1.2/src/base/uvm_base.svh'.
Parsing included file '/opt/Synopsys/uvm-1.2/src/base/uvm_factory.svh'.
Back to file '/opt/Synopsys/uvm-1.2/src/base/uvm_base.svh'.
Parsing included file '/opt/Synopsys/uvm-1.2/src/base/uvm_registry.svh'.
Back to file '/opt/Synopsys/uvm-1.2/src/base/uvm_base.svh'.
Parsing included file '/opt/Synopsys/uvm-1.2/src/base/uvm_spell_chkr.svh'.
Back to file '/opt/Synopsys/uvm-1.2/src/base/uvm_base.svh'.
Parsing included file '/opt/Synopsys/uvm-1.2/src/base/uvm_resource.svh'.
Back to file '/opt/Synopsys/uvm-1.2/src/base/uvm_base.svh'.
Parsing included file '/opt/Synopsys/uvm-1.2/src/base/uvm_resource_specializations.svh'.
Back to file '/opt/Synopsys/uvm-1.2/src/base/uvm_base.svh'.
Parsing included file '/opt/Synopsys/uvm-1.2/src/base/uvm_resource_db.svh'.
Back to file '/opt/Synopsys/uvm-1.2/src/base/uvm_base.svh'.
Parsing included file '/opt/Synopsys/uvm-1.2/src/base/uvm_config_db.svh'.
Back to file '/opt/Synopsys/uvm-1.2/src/base/uvm_base.svh'.
Parsing included file '/opt/Synopsys/uvm-1.2/src/base/uvm_printer.svh'.
Back to file '/opt/Synopsys/uvm-1.2/src/base/uvm_base.svh'.
Parsing included file '/opt/Synopsys/uvm-1.2/src/base/uvm_comparer.svh'.
Back to file '/opt/Synopsys/uvm-1.2/src/base/uvm_base.svh'.
Parsing included file '/opt/Synopsys/uvm-1.2/src/base/uvm_packer.svh'.
Back to file '/opt/Synopsys/uvm-1.2/src/base/uvm_base.svh'.
Parsing included file '/opt/Synopsys/uvm-1.2/src/base/uvm_links.svh'.
Back to file '/opt/Synopsys/uvm-1.2/src/base/uvm_base.svh'.
Parsing included file '/opt/Synopsys/uvm-1.2/src/base/uvm_tr_database.svh'.
Back to file '/opt/Synopsys/uvm-1.2/src/base/uvm_base.svh'.
Parsing included file '/opt/Synopsys/uvm-1.2/src/base/uvm_tr_stream.svh'.
Back to file '/opt/Synopsys/uvm-1.2/src/base/uvm_base.svh'.
Parsing included file '/opt/Synopsys/uvm-1.2/src/base/uvm_recorder.svh'.
Back to file '/opt/Synopsys/uvm-1.2/src/base/uvm_base.svh'.
Parsing included file '/opt/Synopsys/uvm-1.2/src/base/uvm_event_callback.svh'.
Back to file '/opt/Synopsys/uvm-1.2/src/base/uvm_base.svh'.
Parsing included file '/opt/Synopsys/uvm-1.2/src/base/uvm_event.svh'.
Back to file '/opt/Synopsys/uvm-1.2/src/base/uvm_base.svh'.
Parsing included file '/opt/Synopsys/uvm-1.2/src/base/uvm_barrier.svh'.
Back to file '/opt/Synopsys/uvm-1.2/src/base/uvm_base.svh'.
Parsing included file '/opt/Synopsys/uvm-1.2/src/base/uvm_callback.svh'.
Parsing included file '/opt/Synopsys/uvm-1.2/src/uvm_macros.svh'.
Back to file '/opt/Synopsys/uvm-1.2/src/base/uvm_callback.svh'.
Back to file '/opt/Synopsys/uvm-1.2/src/base/uvm_base.svh'.
Parsing included file '/opt/Synopsys/uvm-1.2/src/base/uvm_report_message.svh'.
Back to file '/opt/Synopsys/uvm-1.2/src/base/uvm_base.svh'.
Parsing included file '/opt/Synopsys/uvm-1.2/src/base/uvm_report_catcher.svh'.
Back to file '/opt/Synopsys/uvm-1.2/src/base/uvm_base.svh'.
Parsing included file '/opt/Synopsys/uvm-1.2/src/base/uvm_report_server.svh'.
Back to file '/opt/Synopsys/uvm-1.2/src/base/uvm_base.svh'.
Parsing included file '/opt/Synopsys/uvm-1.2/src/base/uvm_report_handler.svh'.
Back to file '/opt/Synopsys/uvm-1.2/src/base/uvm_base.svh'.
Parsing included file '/opt/Synopsys/uvm-1.2/src/base/uvm_report_object.svh'.
Back to file '/opt/Synopsys/uvm-1.2/src/base/uvm_base.svh'.
Parsing included file '/opt/Synopsys/uvm-1.2/src/base/uvm_transaction.svh'.
Back to file '/opt/Synopsys/uvm-1.2/src/base/uvm_base.svh'.
Parsing included file '/opt/Synopsys/uvm-1.2/src/base/uvm_phase.svh'.
Back to file '/opt/Synopsys/uvm-1.2/src/base/uvm_base.svh'.
Parsing included file '/opt/Synopsys/uvm-1.2/src/base/uvm_domain.svh'.
Back to file '/opt/Synopsys/uvm-1.2/src/base/uvm_base.svh'.
Parsing included file '/opt/Synopsys/uvm-1.2/src/base/uvm_bottomup_phase.svh'.
Back to file '/opt/Synopsys/uvm-1.2/src/base/uvm_base.svh'.
Parsing included file '/opt/Synopsys/uvm-1.2/src/base/uvm_topdown_phase.svh'.
Back to file '/opt/Synopsys/uvm-1.2/src/base/uvm_base.svh'.
Parsing included file '/opt/Synopsys/uvm-1.2/src/base/uvm_task_phase.svh'.
Back to file '/opt/Synopsys/uvm-1.2/src/base/uvm_base.svh'.
Parsing included file '/opt/Synopsys/uvm-1.2/src/base/uvm_common_phases.svh'.
Back to file '/opt/Synopsys/uvm-1.2/src/base/uvm_base.svh'.
Parsing included file '/opt/Synopsys/uvm-1.2/src/base/uvm_runtime_phases.svh'.
Back to file '/opt/Synopsys/uvm-1.2/src/base/uvm_base.svh'.
Parsing included file '/opt/Synopsys/uvm-1.2/src/base/uvm_component.svh'.
Parsing included file '/opt/Synopsys/uvm-1.2/src/base/uvm_root.svh'.
Back to file '/opt/Synopsys/uvm-1.2/src/base/uvm_component.svh'.
Back to file '/opt/Synopsys/uvm-1.2/src/base/uvm_base.svh'.
Parsing included file '/opt/Synopsys/uvm-1.2/src/base/uvm_objection.svh'.
Back to file '/opt/Synopsys/uvm-1.2/src/base/uvm_base.svh'.
Parsing included file '/opt/Synopsys/uvm-1.2/src/base/uvm_heartbeat.svh'.
Back to file '/opt/Synopsys/uvm-1.2/src/base/uvm_base.svh'.
Parsing included file '/opt/Synopsys/uvm-1.2/src/base/uvm_globals.svh'.
Back to file '/opt/Synopsys/uvm-1.2/src/base/uvm_base.svh'.
Parsing included file '/opt/Synopsys/uvm-1.2/src/base/uvm_cmdline_processor.svh'.
Back to file '/opt/Synopsys/uvm-1.2/src/base/uvm_base.svh'.
Parsing included file '/opt/Synopsys/uvm-1.2/src/base/uvm_traversal.svh'.
Back to file '/opt/Synopsys/uvm-1.2/src/base/uvm_base.svh'.
Back to file '/opt/Synopsys/uvm-1.2/src/uvm_pkg.sv'.
Parsing included file '/opt/Synopsys/uvm-1.2/src/dap/uvm_dap.svh'.
Parsing included file '/opt/Synopsys/uvm-1.2/src/dap/uvm_set_get_dap_base.svh'.
Back to file '/opt/Synopsys/uvm-1.2/src/dap/uvm_dap.svh'.
Parsing included file '/opt/Synopsys/uvm-1.2/src/dap/uvm_simple_lock_dap.svh'.
Back to file '/opt/Synopsys/uvm-1.2/src/dap/uvm_dap.svh'.
Parsing included file '/opt/Synopsys/uvm-1.2/src/dap/uvm_get_to_lock_dap.svh'.
Back to file '/opt/Synopsys/uvm-1.2/src/dap/uvm_dap.svh'.
Parsing included file '/opt/Synopsys/uvm-1.2/src/dap/uvm_set_before_get_dap.svh'.
Back to file '/opt/Synopsys/uvm-1.2/src/dap/uvm_dap.svh'.
Back to file '/opt/Synopsys/uvm-1.2/src/uvm_pkg.sv'.
Parsing included file '/opt/Synopsys/uvm-1.2/src/tlm1/uvm_tlm.svh'.
Parsing included file '/opt/Synopsys/uvm-1.2/src/tlm1/uvm_tlm_ifs.svh'.
Back to file '/opt/Synopsys/uvm-1.2/src/tlm1/uvm_tlm.svh'.
Parsing included file '/opt/Synopsys/uvm-1.2/src/tlm1/uvm_sqr_ifs.svh'.
Back to file '/opt/Synopsys/uvm-1.2/src/tlm1/uvm_tlm.svh'.
Parsing included file '/opt/Synopsys/uvm-1.2/src/base/uvm_port_base.svh'.
Back to file '/opt/Synopsys/uvm-1.2/src/tlm1/uvm_tlm.svh'.
Parsing included file '/opt/Synopsys/uvm-1.2/src/tlm1/uvm_tlm_imps.svh'.
Back to file '/opt/Synopsys/uvm-1.2/src/tlm1/uvm_tlm.svh'.
Parsing included file '/opt/Synopsys/uvm-1.2/src/tlm1/uvm_imps.svh'.
Back to file '/opt/Synopsys/uvm-1.2/src/tlm1/uvm_tlm.svh'.
Parsing included file '/opt/Synopsys/uvm-1.2/src/tlm1/uvm_ports.svh'.
Back to file '/opt/Synopsys/uvm-1.2/src/tlm1/uvm_tlm.svh'.
Parsing included file '/opt/Synopsys/uvm-1.2/src/tlm1/uvm_exports.svh'.
Back to file '/opt/Synopsys/uvm-1.2/src/tlm1/uvm_tlm.svh'.
Parsing included file '/opt/Synopsys/uvm-1.2/src/tlm1/uvm_analysis_port.svh'.
Back to file '/opt/Synopsys/uvm-1.2/src/tlm1/uvm_tlm.svh'.
Parsing included file '/opt/Synopsys/uvm-1.2/src/tlm1/uvm_tlm_fifo_base.svh'.
Back to file '/opt/Synopsys/uvm-1.2/src/tlm1/uvm_tlm.svh'.
Parsing included file '/opt/Synopsys/uvm-1.2/src/tlm1/uvm_tlm_fifos.svh'.
Back to file '/opt/Synopsys/uvm-1.2/src/tlm1/uvm_tlm.svh'.
Parsing included file '/opt/Synopsys/uvm-1.2/src/tlm1/uvm_tlm_req_rsp.svh'.
Back to file '/opt/Synopsys/uvm-1.2/src/tlm1/uvm_tlm.svh'.
Parsing included file '/opt/Synopsys/uvm-1.2/src/tlm1/uvm_sqr_connections.svh'.
Back to file '/opt/Synopsys/uvm-1.2/src/tlm1/uvm_tlm.svh'.
Back to file '/opt/Synopsys/uvm-1.2/src/uvm_pkg.sv'.
Parsing included file '/opt/Synopsys/uvm-1.2/src/comps/uvm_comps.svh'.
Parsing included file '/opt/Synopsys/uvm-1.2/src/comps/uvm_pair.svh'.
Back to file '/opt/Synopsys/uvm-1.2/src/comps/uvm_comps.svh'.
Parsing included file '/opt/Synopsys/uvm-1.2/src/comps/uvm_policies.svh'.
Back to file '/opt/Synopsys/uvm-1.2/src/comps/uvm_comps.svh'.
Parsing included file '/opt/Synopsys/uvm-1.2/src/comps/uvm_in_order_comparator.svh'.
Back to file '/opt/Synopsys/uvm-1.2/src/comps/uvm_comps.svh'.
Parsing included file '/opt/Synopsys/uvm-1.2/src/comps/uvm_algorithmic_comparator.svh'.
Back to file '/opt/Synopsys/uvm-1.2/src/comps/uvm_comps.svh'.
Parsing included file '/opt/Synopsys/uvm-1.2/src/comps/uvm_random_stimulus.svh'.
Back to file '/opt/Synopsys/uvm-1.2/src/comps/uvm_comps.svh'.
Parsing included file '/opt/Synopsys/uvm-1.2/src/comps/uvm_subscriber.svh'.
Back to file '/opt/Synopsys/uvm-1.2/src/comps/uvm_comps.svh'.
Parsing included file '/opt/Synopsys/uvm-1.2/src/comps/uvm_monitor.svh'.
Back to file '/opt/Synopsys/uvm-1.2/src/comps/uvm_comps.svh'.
Parsing included file '/opt/Synopsys/uvm-1.2/src/comps/uvm_driver.svh'.
Back to file '/opt/Synopsys/uvm-1.2/src/comps/uvm_comps.svh'.
Parsing included file '/opt/Synopsys/uvm-1.2/src/comps/uvm_push_driver.svh'.
Back to file '/opt/Synopsys/uvm-1.2/src/comps/uvm_comps.svh'.
Parsing included file '/opt/Synopsys/uvm-1.2/src/comps/uvm_scoreboard.svh'.
Back to file '/opt/Synopsys/uvm-1.2/src/comps/uvm_comps.svh'.
Parsing included file '/opt/Synopsys/uvm-1.2/src/comps/uvm_agent.svh'.
Back to file '/opt/Synopsys/uvm-1.2/src/comps/uvm_comps.svh'.
Parsing included file '/opt/Synopsys/uvm-1.2/src/comps/uvm_env.svh'.
Back to file '/opt/Synopsys/uvm-1.2/src/comps/uvm_comps.svh'.
Parsing included file '/opt/Synopsys/uvm-1.2/src/comps/uvm_test.svh'.
Back to file '/opt/Synopsys/uvm-1.2/src/comps/uvm_comps.svh'.
Back to file '/opt/Synopsys/uvm-1.2/src/uvm_pkg.sv'.
Parsing included file '/opt/Synopsys/uvm-1.2/src/seq/uvm_seq.svh'.
Parsing included file '/opt/Synopsys/uvm-1.2/src/seq/uvm_sequence_item.svh'.
Back to file '/opt/Synopsys/uvm-1.2/src/seq/uvm_seq.svh'.
Parsing included file '/opt/Synopsys/uvm-1.2/src/seq/uvm_sequencer_base.svh'.
Back to file '/opt/Synopsys/uvm-1.2/src/seq/uvm_seq.svh'.
Parsing included file '/opt/Synopsys/uvm-1.2/src/seq/uvm_sequencer_analysis_fifo.svh'.
Back to file '/opt/Synopsys/uvm-1.2/src/seq/uvm_seq.svh'.
Parsing included file '/opt/Synopsys/uvm-1.2/src/seq/uvm_sequencer_param_base.svh'.
Back to file '/opt/Synopsys/uvm-1.2/src/seq/uvm_seq.svh'.
Parsing included file '/opt/Synopsys/uvm-1.2/src/seq/uvm_sequencer.svh'.
Back to file '/opt/Synopsys/uvm-1.2/src/seq/uvm_seq.svh'.
Parsing included file '/opt/Synopsys/uvm-1.2/src/seq/uvm_push_sequencer.svh'.
Back to file '/opt/Synopsys/uvm-1.2/src/seq/uvm_seq.svh'.
Parsing included file '/opt/Synopsys/uvm-1.2/src/seq/uvm_sequence_base.svh'.
Back to file '/opt/Synopsys/uvm-1.2/src/seq/uvm_seq.svh'.
Parsing included file '/opt/Synopsys/uvm-1.2/src/seq/uvm_sequence.svh'.
Back to file '/opt/Synopsys/uvm-1.2/src/seq/uvm_seq.svh'.
Parsing included file '/opt/Synopsys/uvm-1.2/src/seq/uvm_sequence_library.svh'.
Back to file '/opt/Synopsys/uvm-1.2/src/seq/uvm_seq.svh'.
Parsing included file '/opt/Synopsys/uvm-1.2/src/seq/uvm_sequence_builtin.svh'.
Back to file '/opt/Synopsys/uvm-1.2/src/seq/uvm_seq.svh'.
Back to file '/opt/Synopsys/uvm-1.2/src/uvm_pkg.sv'.
Parsing included file '/opt/Synopsys/uvm-1.2/src/tlm2/uvm_tlm2.svh'.
Parsing included file '/opt/Synopsys/uvm-1.2/src/tlm2/uvm_tlm2_defines.svh'.
Back to file '/opt/Synopsys/uvm-1.2/src/tlm2/uvm_tlm2.svh'.
Parsing included file '/opt/Synopsys/uvm-1.2/src/tlm2/uvm_tlm2_time.svh'.
Back to file '/opt/Synopsys/uvm-1.2/src/tlm2/uvm_tlm2.svh'.
Parsing included file '/opt/Synopsys/uvm-1.2/src/tlm2/uvm_tlm2_generic_payload.svh'.
Back to file '/opt/Synopsys/uvm-1.2/src/tlm2/uvm_tlm2.svh'.
Parsing included file '/opt/Synopsys/uvm-1.2/src/tlm2/uvm_tlm2_ifs.svh'.
Back to file '/opt/Synopsys/uvm-1.2/src/tlm2/uvm_tlm2.svh'.
Parsing included file '/opt/Synopsys/uvm-1.2/src/tlm2/uvm_tlm2_imps.svh'.
Back to file '/opt/Synopsys/uvm-1.2/src/tlm2/uvm_tlm2.svh'.
Parsing included file '/opt/Synopsys/uvm-1.2/src/tlm2/uvm_tlm2_ports.svh'.
Back to file '/opt/Synopsys/uvm-1.2/src/tlm2/uvm_tlm2.svh'.
Parsing included file '/opt/Synopsys/uvm-1.2/src/tlm2/uvm_tlm2_exports.svh'.
Back to file '/opt/Synopsys/uvm-1.2/src/tlm2/uvm_tlm2.svh'.
Parsing included file '/opt/Synopsys/uvm-1.2/src/tlm2/uvm_tlm2_sockets_base.svh'.
Back to file '/opt/Synopsys/uvm-1.2/src/tlm2/uvm_tlm2.svh'.
Parsing included file '/opt/Synopsys/uvm-1.2/src/tlm2/uvm_tlm2_sockets.svh'.
Back to file '/opt/Synopsys/uvm-1.2/src/tlm2/uvm_tlm2.svh'.
Back to file '/opt/Synopsys/uvm-1.2/src/uvm_pkg.sv'.
Parsing included file '/opt/Synopsys/uvm-1.2/src/reg/uvm_reg_model.svh'.
Parsing included file '/opt/Synopsys/uvm-1.2/src/reg/uvm_reg_item.svh'.
Back to file '/opt/Synopsys/uvm-1.2/src/reg/uvm_reg_model.svh'.
Parsing included file '/opt/Synopsys/uvm-1.2/src/reg/uvm_reg_adapter.svh'.
Back to file '/opt/Synopsys/uvm-1.2/src/reg/uvm_reg_model.svh'.
Parsing included file '/opt/Synopsys/uvm-1.2/src/reg/uvm_reg_predictor.svh'.
Back to file '/opt/Synopsys/uvm-1.2/src/reg/uvm_reg_model.svh'.
Parsing included file '/opt/Synopsys/uvm-1.2/src/reg/uvm_reg_sequence.svh'.
Back to file '/opt/Synopsys/uvm-1.2/src/reg/uvm_reg_model.svh'.
Parsing included file '/opt/Synopsys/uvm-1.2/src/reg/uvm_reg_cbs.svh'.
Back to file '/opt/Synopsys/uvm-1.2/src/reg/uvm_reg_model.svh'.
Parsing included file '/opt/Synopsys/uvm-1.2/src/reg/uvm_reg_backdoor.svh'.
Back to file '/opt/Synopsys/uvm-1.2/src/reg/uvm_reg_model.svh'.
Parsing included file '/opt/Synopsys/uvm-1.2/src/reg/uvm_reg_field.svh'.
Back to file '/opt/Synopsys/uvm-1.2/src/reg/uvm_reg_model.svh'.
Parsing included file '/opt/Synopsys/uvm-1.2/src/reg/uvm_vreg_field.svh'.
Back to file '/opt/Synopsys/uvm-1.2/src/reg/uvm_reg_model.svh'.
Parsing included file '/opt/Synopsys/uvm-1.2/src/reg/uvm_reg.svh'.
Back to file '/opt/Synopsys/uvm-1.2/src/reg/uvm_reg_model.svh'.
Parsing included file '/opt/Synopsys/uvm-1.2/src/reg/uvm_reg_indirect.svh'.
Back to file '/opt/Synopsys/uvm-1.2/src/reg/uvm_reg_model.svh'.
Parsing included file '/opt/Synopsys/uvm-1.2/src/reg/uvm_reg_fifo.svh'.
Back to file '/opt/Synopsys/uvm-1.2/src/reg/uvm_reg_model.svh'.
Parsing included file '/opt/Synopsys/uvm-1.2/src/reg/uvm_reg_file.svh'.
Back to file '/opt/Synopsys/uvm-1.2/src/reg/uvm_reg_model.svh'.
Parsing included file '/opt/Synopsys/uvm-1.2/src/reg/uvm_mem_mam.svh'.
Back to file '/opt/Synopsys/uvm-1.2/src/reg/uvm_reg_model.svh'.
Parsing included file '/opt/Synopsys/uvm-1.2/src/reg/uvm_vreg.svh'.
Back to file '/opt/Synopsys/uvm-1.2/src/reg/uvm_reg_model.svh'.
Parsing included file '/opt/Synopsys/uvm-1.2/src/reg/uvm_mem.svh'.
Back to file '/opt/Synopsys/uvm-1.2/src/reg/uvm_reg_model.svh'.
Parsing included file '/opt/Synopsys/uvm-1.2/src/reg/uvm_reg_map.svh'.
Back to file '/opt/Synopsys/uvm-1.2/src/reg/uvm_reg_model.svh'.
Parsing included file '/opt/Synopsys/uvm-1.2/src/reg/uvm_reg_block.svh'.
Back to file '/opt/Synopsys/uvm-1.2/src/reg/uvm_reg_model.svh'.
Parsing included file '/opt/Synopsys/uvm-1.2/src/reg/sequences/uvm_reg_hw_reset_seq.svh'.
Back to file '/opt/Synopsys/uvm-1.2/src/reg/uvm_reg_model.svh'.
Parsing included file '/opt/Synopsys/uvm-1.2/src/reg/sequences/uvm_reg_bit_bash_seq.svh'.
Back to file '/opt/Synopsys/uvm-1.2/src/reg/uvm_reg_model.svh'.
Parsing included file '/opt/Synopsys/uvm-1.2/src/reg/sequences/uvm_mem_walk_seq.svh'.
Back to file '/opt/Synopsys/uvm-1.2/src/reg/uvm_reg_model.svh'.
Parsing included file '/opt/Synopsys/uvm-1.2/src/reg/sequences/uvm_mem_access_seq.svh'.
Back to file '/opt/Synopsys/uvm-1.2/src/reg/uvm_reg_model.svh'.
Parsing included file '/opt/Synopsys/uvm-1.2/src/reg/sequences/uvm_reg_access_seq.svh'.
Back to file '/opt/Synopsys/uvm-1.2/src/reg/uvm_reg_model.svh'.
Parsing included file '/opt/Synopsys/uvm-1.2/src/reg/sequences/uvm_reg_mem_shared_access_seq.svh'.
Back to file '/opt/Synopsys/uvm-1.2/src/reg/uvm_reg_model.svh'.
Parsing included file '/opt/Synopsys/uvm-1.2/src/reg/sequences/uvm_reg_mem_built_in_seq.svh'.
Back to file '/opt/Synopsys/uvm-1.2/src/reg/uvm_reg_model.svh'.
Parsing included file '/opt/Synopsys/uvm-1.2/src/reg/sequences/uvm_reg_mem_hdl_paths_seq.svh'.
Back to file '/opt/Synopsys/uvm-1.2/src/reg/uvm_reg_model.svh'.
Back to file '/opt/Synopsys/uvm-1.2/src/uvm_pkg.sv'.
Parsing design file 'testbench/tinyalu_pkg.sv'
Parsing included file '/opt/Synopsys/uvm-1.2/src/uvm_macros.svh'.
Back to file 'testbench/tinyalu_pkg.sv'.
Parsing included file 'testbench/tb_classes/transaction/sequence_item.svh'.
Back to file 'testbench/tinyalu_pkg.sv'.
Parsing included file 'testbench/tb_classes/transaction/result_transaction.svh'.
Back to file 'testbench/tinyalu_pkg.sv'.
Parsing included file 'testbench/tb_classes/transaction/bus_transaction.svh'.
Back to file 'testbench/tinyalu_pkg.sv'.
Parsing included file 'testbench/tb_classes/register/ctrl_reg.svh'.
Back to file 'testbench/tinyalu_pkg.sv'.
Parsing included file 'testbench/tb_classes/register/status_reg.svh'.
Back to file 'testbench/tinyalu_pkg.sv'.
Parsing included file 'testbench/tb_classes/register/mem.svh'.
Back to file 'testbench/tinyalu_pkg.sv'.
Parsing included file 'testbench/tb_classes/register/mem_bdr_class.svh'.
Back to file 'testbench/tinyalu_pkg.sv'.
Parsing included file 'testbench/tb_classes/register/reg_model.svh'.
Back to file 'testbench/tinyalu_pkg.sv'.
Parsing included file 'testbench/tb_classes/register/adapter.svh'.
Back to file 'testbench/tinyalu_pkg.sv'.
Parsing included file 'testbench/tb_classes/component/bus_sequencer.svh'.
Back to file 'testbench/tinyalu_pkg.sv'.
Parsing included file 'testbench/tb_classes/register/predictor.svh'.
Back to file 'testbench/tinyalu_pkg.sv'.
Parsing included file 'testbench/tb_classes/sequence/random_sequence.svh'.
Back to file 'testbench/tinyalu_pkg.sv'.
Parsing included file 'testbench/tb_classes/sequence/reset_sequence.svh'.
Back to file 'testbench/tinyalu_pkg.sv'.
Parsing included file 'testbench/tb_classes/sequence/extra_sequence.svh'.
Back to file 'testbench/tinyalu_pkg.sv'.
Parsing included file 'testbench/tb_classes/sequence/bus_sequence.svh'.
Back to file 'testbench/tinyalu_pkg.sv'.
Parsing included file 'testbench/tb_classes/sequence/reg_access_sequence.svh'.
Back to file 'testbench/tinyalu_pkg.sv'.
Parsing included file 'testbench/tb_classes/component/sequencer.svh'.
Back to file 'testbench/tinyalu_pkg.sv'.
Parsing included file 'testbench/tb_classes/component/coverage.svh'.
Back to file 'testbench/tinyalu_pkg.sv'.
Parsing included file 'testbench/tb_classes/component/scoreboard.svh'.
Back to file 'testbench/tinyalu_pkg.sv'.
Parsing included file 'testbench/tb_classes/component/driver.svh'.
Back to file 'testbench/tinyalu_pkg.sv'.
Parsing included file 'testbench/tb_classes/component/bus_driver.svh'.
Back to file 'testbench/tinyalu_pkg.sv'.
Parsing included file 'testbench/tb_classes/component/command_monitor.svh'.
Back to file 'testbench/tinyalu_pkg.sv'.
Parsing included file 'testbench/tb_classes/component/result_monitor.svh'.
Back to file 'testbench/tinyalu_pkg.sv'.
Parsing included file 'testbench/tb_classes/component/bus_monitor.svh'.
Back to file 'testbench/tinyalu_pkg.sv'.
Parsing included file 'testbench/tb_classes/component/agent.svh'.
Back to file 'testbench/tinyalu_pkg.sv'.
Parsing included file 'testbench/tb_classes/component/bus_agent.svh'.
Back to file 'testbench/tinyalu_pkg.sv'.
Parsing included file 'testbench/tb_classes/component/env.svh'.
Back to file 'testbench/tinyalu_pkg.sv'.
Parsing included file 'testbench/tb_classes/sequence/virtual_sequence.svh'.
Back to file 'testbench/tinyalu_pkg.sv'.
Parsing included file 'testbench/tb_classes/test/base_test.svh'.
Back to file 'testbench/tinyalu_pkg.sv'.
Parsing included file 'testbench/tb_classes/test/virtual_sequence_test.svh'.
Back to file 'testbench/tinyalu_pkg.sv'.
Parsing design file 'testbench/tinyalu_bfm.sv'
Parsing design file 'testbench/simple_bus_bfm.sv'
Parsing design file 'testbench/mem_bdr_intf.sv'
Parsing design file 'testbench/top.sv'
Parsing included file '/opt/Synopsys/uvm-1.2/src/uvm_macros.svh'.
Back to file 'testbench/top.sv'.
Top Level Modules:
       top
TimeScale is 1 ns / 1 ns
Starting vcs inline pass...
10 modules and 0 UDP read.
recompiling package vcs_paramclassrepository
recompiling package _vcs_DPI_package
recompiling module tinyalu
recompiling package uvm_pkg
recompiling package tinyalu_pkg
recompiling module tinyalu_bfm
recompiling module simple_bus_bfm
recompiling module mem_bdr_intf
recompiling module top
All of 10 modules done
rm -f _csrc*.so linux_scvhdl_*.so pre_vcsobj_*.so share_vcsobj_*.so
g++ -w  -pipe -m32 -fPIC -DVCS -O -I/opt/Synopsys/VCS2014/include    -c /opt/Synopsys/uvm-1.2/src/dpi/uvm_dpi.cc \

ld -m elf_i386 -shared -o .//../simv.daidir//_csrc1.so --whole-archive _vcsobj_1_1.a \
--no-whole-archive
ld -m elf_i386 -shared -o .//../simv.daidir//_csrc0.so 5NrI_d.o 5NrIB_d.o SIM_l.o \

if [ -x ../simv ]; then chmod -x ../simv; fi
g++  -o ../simv  -m32 -m32   -Wl,-rpath-link=./ -Wl,-rpath='$ORIGIN'/simv.daidir/ \
-Wl,-rpath='$ORIGIN'/simv.daidir//scsim.db.dir  uvm_dpi.o  _csrc1.so _csrc0.so   \
rmapats_mop.o rmapats.o rmar.o           /opt/Synopsys/VCS2014/linux/lib/libzerosoft_rt_stubs.so \
/opt/Synopsys/VCS2014/linux/lib/libvirsim.so /opt/Synopsys/VCS2014/linux/lib/librterrorinf.so \
/opt/Synopsys/VCS2014/linux/lib/libsnpsmalloc.so    /opt/Synopsys/VCS2014/linux/lib/libvcsnew.so \
/opt/Synopsys/VCS2014/linux/lib/libuclinative.so   -Wl,-whole-archive /opt/Synopsys/VCS2014/linux/lib/libvcsucli.so \
-Wl,-no-whole-archive       ./../simv.daidir/vc_hdrs.o    /opt/Synopsys/VCS2014/linux/lib/vcs_save_restore_new.o \
/opt/Synopsys/VCS2014/linux/lib/ctype-stubs_32.a -ldl -lm  -lc -lpthread -ldl 
../simv up to date
CPU time: 26.141 seconds to compile + .141 seconds to elab + 1.306 seconds to link
