# Preference setting overrides
gui_create_pref_key -category {Globals} -key {load_detail_for_funcov} -value_type {bool} -value {false}

# State setting overrides
gui_state_default_create -off -ini
gui_set_state_value -category Globals -key recent_databases -value {{gui_open_db -file /home/IC/ch24/24.17/sim/vcdplus.vpd -design V1} {gui_open_db -file /home/IC/ch24/mem_test/sim/vcdplus.vpd -design V1} {gui_open_db -file /home/IC/ch24/24.12/sim/vcdplus.vpd -design V1} {gui_open_db -file /home/IC/ch7/7.2/sim/vcdplus.vpd -design V1} {gui_open_db -file /home/IC/ch13/13.4/sim/vcdplus.vpd -design V1}}
gui_set_state_value -category Globals -key recent_sessions -value {{gui_load_session -ignore_errors -file /home/Top/Desktop/advanced_adder/DVEfiles/dve_checkpoint_6250_1.tcl}}
gui_set_state_value -category Layout -key child_console_size_x -value 1906
gui_set_state_value -category Layout -key child_console_size_y -value 172
gui_set_state_value -category Layout -key child_data_size_x -value 149
gui_set_state_value -category Layout -key child_data_size_y -value 601
gui_set_state_value -category Layout -key child_hier_col3 -value {-1}
gui_set_state_value -category Layout -key child_hier_colhier -value 201
gui_set_state_value -category Layout -key child_hier_colpd -value 0
gui_set_state_value -category Layout -key child_hier_coltype -value 102
gui_set_state_value -category Layout -key child_hier_size_x -value 300
gui_set_state_value -category Layout -key child_hier_size_y -value 601
gui_set_state_value -category Layout -key child_source_docknewline -value false
gui_set_state_value -category Layout -key child_source_pos_x -value {-2}
gui_set_state_value -category Layout -key child_source_pos_y -value {-15}
gui_set_state_value -category Layout -key child_source_size_x -value 1460
gui_set_state_value -category Layout -key child_source_size_y -value 596
gui_set_state_value -category Layout -key child_wave_colname -value 267
gui_set_state_value -category Layout -key child_wave_colvalue -value 267
gui_set_state_value -category Layout -key child_wave_left -value 539
gui_set_state_value -category Layout -key child_wave_right -value 1313
gui_set_state_value -category Layout -key main_pos_x -value 9
gui_set_state_value -category Layout -key main_pos_y -value 34
gui_set_state_value -category Layout -key main_size_x -value 1915
gui_set_state_value -category Layout -key main_size_y -value 882
gui_set_state_value -category Layout -key stand_wave_child_docknewline -value false
gui_set_state_value -category Layout -key stand_wave_child_pos_x -value {-2}
gui_set_state_value -category Layout -key stand_wave_child_pos_y -value {-15}
gui_set_state_value -category Layout -key stand_wave_child_size_x -value 1862
gui_set_state_value -category Layout -key stand_wave_child_size_y -value 751
gui_set_state_value -category Layout -key stand_wave_top_pos_x -value 12
gui_set_state_value -category Layout -key stand_wave_top_pos_y -value 51
gui_set_state_value -category Layout -key stand_wave_top_size_x -value 1869
gui_set_state_value -category Layout -key stand_wave_top_size_y -value 882
gui_create_state_key -category FindDialog -key m_pMatchCase -value_type bool -value false
gui_create_state_key -category FindDialog -key m_pMatchWord -value_type bool -value false
gui_create_state_key -category FindDialog -key m_pUseCombo -value_type string -value {}
gui_create_state_key -category FindDialog -key m_pWrapAround -value_type bool -value true
gui_state_default_create -off

# Begin command logging
gui_open_db -file /home/IC/ch24/24.22/sim/vcdplus.vpd -design V1
gui_list_expand -id  Hier.1   top
gui_list_select -id Hier.1 -current_item_name top.bus_bfm -current_item_type Scope  -selected  { top.bus_bfm   }
gui_open_window Wave
gui_list_add -id Wave.1 -from Hier.1 { top.bus_bfm } -insertionbar
gui_zoom -window Wave.1 -factor 0.5
gui_zoom -window Wave.1 -factor 0.5
gui_wv_zoom_timerange -id  Wave.1 0 260
gui_zoom -window Wave.1 -factor 0.5
gui_zoom -window Wave.1 -factor 0.5
gui_zoom -window Wave.1 -factor 0.5
gui_wv_zoom_timerange -id  Wave.1 0 957
gui_zoom -window Wave.1 -factor 0.5
gui_wv_zoom_timerange -id  Wave.1 0 496
gui_zoom -window Wave.1 -factor 0.5
gui_zoom -window Wave.1 -factor 0.5
gui_save_session -reload -default_file
gui_wv_zoom_timerange -id  Wave.1 832 1099
gui_list_select -id Wave.1 -selected  { {top.bus_bfm.bus_wr_data[15:0]}   }
gui_list_select -id Wave.1 -selected  { top.bus_bfm.bus_op   }
gui_list_select -id Wave.1 -selected  { {top.bus_bfm.bus_wr_data[15:0]}   }
gui_list_select -id Wave.1 -selected  { {top.bus_bfm.bus_addr[15:0]}   }
gui_list_select -id Wave.1 -selected  { {top.bus_bfm.bus_rd_data[15:0]}   }
gui_zoom -window Wave.1 -factor 0.5
gui_zoom -window Wave.1 -factor 0.5
gui_zoom -window Wave.1 -factor 0.5
gui_wv_zoom_timerange -id  Wave.1 823 1038
gui_list_select -id Hier.1 -current_item_name top.bfm -current_item_type Scope  -selected  { top.bfm   }
gui_list_add -id Wave.1 -from Hier.1 { top.bfm } -insertionbar
gui_list_select -id Wave.1 -selected  { bus_bfm   }
gui_delete_selected -id  Wave.1
gui_list_add -id Wave.1 -from Hier.1 { top.bfm } -insertionbar
gui_zoom -window Wave.1 -factor 0.5
gui_zoom -window Wave.1 -factor 0.5
gui_zoom -window Wave.1 -factor 0.5
gui_wv_zoom_timerange -id  Wave.1 66 1006
gui_zoom -window Wave.1 -factor 0.5
gui_zoom -window Wave.1 -factor 0.5
gui_wv_zoom_timerange -id  Wave.1 0 1114
gui_zoom -window Wave.1 -factor 0.5
gui_wv_zoom_timerange -id  Wave.1 0 1001
gui_list_select -id Hier.1 -current_item_name top.bus_bfm -current_item_type Scope  -selected  { top.bus_bfm   }
gui_list_add -id Wave.1 -from Hier.1 { top.bus_bfm } -insertionbar
gui_list_select -id Wave.1 -selected  { bfm|bus_bfm   }
gui_wv_zoom_timerange -id  Wave.1 1 52
gui_zoom -window Wave.1 -factor 0.5
gui_zoom -window Wave.1 -factor 0.5
gui_zoom -window Wave.1 -factor 0.5
gui_list_select -id Wave.1 -selected  { {top.bfm.A[7:0]}   }
